/usr/bin/cmake -H/home/ros/model_car/catkin_ws/src/realsense_camera -B/home/ros/model_car/catkin_ws/build/realsense_camera --check-build-system CMakeFiles/Makefile.cmake 0
/usr/bin/cmake -E cmake_progress_start /home/ros/model_car/catkin_ws/build/realsense_camera/CMakeFiles /home/ros/model_car/catkin_ws/build/realsense_camera/CMakeFiles/progress.marks
/usr/bin/make -f CMakeFiles/Makefile2 all
make[1]: Entering directory `/home/ros/model_car/catkin_ws/build/realsense_camera'
/usr/bin/make -f CMakeFiles/realsense_camera_gencfg.dir/build.make CMakeFiles/realsense_camera_gencfg.dir/depend
make[2]: Entering directory `/home/ros/model_car/catkin_ws/build/realsense_camera'
/usr/bin/make -f CMakeFiles/_realsense_camera_generate_messages_check_deps_cameraConfiguration.dir/build.make CMakeFiles/_realsense_camera_generate_messages_check_deps_cameraConfiguration.dir/depend
cd /home/ros/model_car/catkin_ws/build/realsense_camera && /usr/bin/cmake -E cmake_depends "Unix Makefiles" /home/ros/model_car/catkin_ws/src/realsense_camera /home/ros/model_car/catkin_ws/src/realsense_camera /home/ros/model_car/catkin_ws/build/realsense_camera /home/ros/model_car/catkin_ws/build/realsense_camera /home/ros/model_car/catkin_ws/build/realsense_camera/CMakeFiles/realsense_camera_gencfg.dir/DependInfo.cmake --color=
/usr/bin/make -f CMakeFiles/std_msgs_generate_messages_cpp.dir/build.make CMakeFiles/std_msgs_generate_messages_cpp.dir/depend
make[2]: Entering directory `/home/ros/model_car/catkin_ws/build/realsense_camera'
make[2]: Entering directory `/home/ros/model_car/catkin_ws/build/realsense_camera'
cd /home/ros/model_car/catkin_ws/build/realsense_camera && /usr/bin/cmake -E cmake_depends "Unix Makefiles" /home/ros/model_car/catkin_ws/src/realsense_camera /home/ros/model_car/catkin_ws/src/realsense_camera /home/ros/model_car/catkin_ws/build/realsense_camera /home/ros/model_car/catkin_ws/build/realsense_camera /home/ros/model_car/catkin_ws/build/realsense_camera/CMakeFiles/_realsense_camera_generate_messages_check_deps_cameraConfiguration.dir/DependInfo.cmake --color=
cd /home/ros/model_car/catkin_ws/build/realsense_camera && /usr/bin/cmake -E cmake_depends "Unix Makefiles" /home/ros/model_car/catkin_ws/src/realsense_camera /home/ros/model_car/catkin_ws/src/realsense_camera /home/ros/model_car/catkin_ws/build/realsense_camera /home/ros/model_car/catkin_ws/build/realsense_camera /home/ros/model_car/catkin_ws/build/realsense_camera/CMakeFiles/std_msgs_generate_messages_cpp.dir/DependInfo.cmake --color=
/usr/bin/make -f CMakeFiles/std_msgs_generate_messages_py.dir/build.make CMakeFiles/std_msgs_generate_messages_py.dir/depend
make[2]: Entering directory `/home/ros/model_car/catkin_ws/build/realsense_camera'
cd /home/ros/model_car/catkin_ws/build/realsense_camera && /usr/bin/cmake -E cmake_depends "Unix Makefiles" /home/ros/model_car/catkin_ws/src/realsense_camera /home/ros/model_car/catkin_ws/src/realsense_camera /home/ros/model_car/catkin_ws/build/realsense_camera /home/ros/model_car/catkin_ws/build/realsense_camera /home/ros/model_car/catkin_ws/build/realsense_camera/CMakeFiles/std_msgs_generate_messages_py.dir/DependInfo.cmake --color=
make[2]: Leaving directory `/home/ros/model_car/catkin_ws/build/realsense_camera'
/usr/bin/make -f CMakeFiles/realsense_camera_gencfg.dir/build.make CMakeFiles/realsense_camera_gencfg.dir/build
make[2]: Leaving directory `/home/ros/model_car/catkin_ws/build/realsense_camera'
make[2]: Leaving directory `/home/ros/model_car/catkin_ws/build/realsense_camera'
/usr/bin/make -f CMakeFiles/_realsense_camera_generate_messages_check_deps_cameraConfiguration.dir/build.make CMakeFiles/_realsense_camera_generate_messages_check_deps_cameraConfiguration.dir/build
/usr/bin/make -f CMakeFiles/std_msgs_generate_messages_cpp.dir/build.make CMakeFiles/std_msgs_generate_messages_cpp.dir/build
make[2]: Entering directory `/home/ros/model_car/catkin_ws/build/realsense_camera'
make[2]: Nothing to be done for `CMakeFiles/realsense_camera_gencfg.dir/build'.
make[2]: Leaving directory `/home/ros/model_car/catkin_ws/build/realsense_camera'
make[2]: Entering directory `/home/ros/model_car/catkin_ws/build/realsense_camera'
catkin_generated/env_cached.sh /usr/bin/python /opt/ros/indigo/share/genmsg/cmake/../../../lib/genmsg/genmsg_check_deps.py realsense_camera /home/ros/model_car/catkin_ws/src/realsense_camera/srv/cameraConfiguration.srv 
/usr/bin/cmake -E cmake_progress_report /home/ros/model_car/catkin_ws/build/realsense_camera/CMakeFiles  3
make[2]: Leaving directory `/home/ros/model_car/catkin_ws/build/realsense_camera'
make[2]: Entering directory `/home/ros/model_car/catkin_ws/build/realsense_camera'
make[2]: Nothing to be done for `CMakeFiles/std_msgs_generate_messages_cpp.dir/build'.
make[2]: Leaving directory `/home/ros/model_car/catkin_ws/build/realsense_camera'
/usr/bin/make -f CMakeFiles/std_msgs_generate_messages_py.dir/build.make CMakeFiles/std_msgs_generate_messages_py.dir/build
/usr/bin/cmake -E cmake_progress_report /home/ros/model_car/catkin_ws/build/realsense_camera/CMakeFiles 
make[2]: Entering directory `/home/ros/model_car/catkin_ws/build/realsense_camera'
make[2]: Nothing to be done for `CMakeFiles/std_msgs_generate_messages_py.dir/build'.
make[2]: Leaving directory `/home/ros/model_car/catkin_ws/build/realsense_camera'
/usr/bin/cmake -E cmake_progress_report /home/ros/model_car/catkin_ws/build/realsense_camera/CMakeFiles 
[ 11%] [ 11%] Built target realsense_camera_gencfg
Built target std_msgs_generate_messages_cpp
/usr/bin/make -f CMakeFiles/std_msgs_generate_messages_lisp.dir/build.make CMakeFiles/std_msgs_generate_messages_lisp.dir/depend
/usr/bin/make -f gtest/CMakeFiles/gtest.dir/build.make gtest/CMakeFiles/gtest.dir/depend
make[2]: Entering directory `/home/ros/model_car/catkin_ws/build/realsense_camera'
cd /home/ros/model_car/catkin_ws/build/realsense_camera && /usr/bin/cmake -E cmake_depends "Unix Makefiles" /home/ros/model_car/catkin_ws/src/realsense_camera /home/ros/model_car/catkin_ws/src/realsense_camera /home/ros/model_car/catkin_ws/build/realsense_camera /home/ros/model_car/catkin_ws/build/realsense_camera /home/ros/model_car/catkin_ws/build/realsense_camera/CMakeFiles/std_msgs_generate_messages_lisp.dir/DependInfo.cmake --color=
make[2]: Entering directory `/home/ros/model_car/catkin_ws/build/realsense_camera'
cd /home/ros/model_car/catkin_ws/build/realsense_camera && /usr/bin/cmake -E cmake_depends "Unix Makefiles" /home/ros/model_car/catkin_ws/src/realsense_camera /usr/src/gtest /home/ros/model_car/catkin_ws/build/realsense_camera /home/ros/model_car/catkin_ws/build/realsense_camera/gtest /home/ros/model_car/catkin_ws/build/realsense_camera/gtest/CMakeFiles/gtest.dir/DependInfo.cmake --color=
[ 11%] Built target std_msgs_generate_messages_py
make[2]: Leaving directory `/home/ros/model_car/catkin_ws/build/realsense_camera'
/usr/bin/make -f CMakeFiles/std_msgs_generate_messages_lisp.dir/build.make CMakeFiles/std_msgs_generate_messages_lisp.dir/build
make[2]: Entering directory `/home/ros/model_car/catkin_ws/build/realsense_camera'
make[2]: Nothing to be done for `CMakeFiles/std_msgs_generate_messages_lisp.dir/build'.
make[2]: Leaving directory `/home/ros/model_car/catkin_ws/build/realsense_camera'
/usr/bin/cmake -E cmake_progress_report /home/ros/model_car/catkin_ws/build/realsense_camera/CMakeFiles 
make[2]: Leaving directory `/home/ros/model_car/catkin_ws/build/realsense_camera'
/usr/bin/make -f gtest/CMakeFiles/gtest.dir/build.make gtest/CMakeFiles/gtest.dir/build
[ 11%] make[2]: Entering directory `/home/ros/model_car/catkin_ws/build/realsense_camera'
make[2]: Nothing to be done for `gtest/CMakeFiles/gtest.dir/build'.
make[2]: Leaving directory `/home/ros/model_car/catkin_ws/build/realsense_camera'
/usr/bin/cmake -E cmake_progress_report /home/ros/model_car/catkin_ws/build/realsense_camera/CMakeFiles  1
Built target std_msgs_generate_messages_lisp
[ 22%] Built target gtest
make[2]: Leaving directory `/home/ros/model_car/catkin_ws/build/realsense_camera'
/usr/bin/cmake -E cmake_progress_report /home/ros/model_car/catkin_ws/build/realsense_camera/CMakeFiles 
[ 22%] Built target _realsense_camera_generate_messages_check_deps_cameraConfiguration
/usr/bin/make -f CMakeFiles/realsense_camera_generate_messages_cpp.dir/build.make CMakeFiles/realsense_camera_generate_messages_cpp.dir/depend
/usr/bin/make -f CMakeFiles/realsense_camera_generate_messages_py.dir/build.make CMakeFiles/realsense_camera_generate_messages_py.dir/depend
/usr/bin/make -f CMakeFiles/realsense_camera_generate_messages_lisp.dir/build.make CMakeFiles/realsense_camera_generate_messages_lisp.dir/depend
make[2]: Entering directory `/home/ros/model_car/catkin_ws/build/realsense_camera'
cd /home/ros/model_car/catkin_ws/build/realsense_camera && /usr/bin/cmake -E cmake_depends "Unix Makefiles" /home/ros/model_car/catkin_ws/src/realsense_camera /home/ros/model_car/catkin_ws/src/realsense_camera /home/ros/model_car/catkin_ws/build/realsense_camera /home/ros/model_car/catkin_ws/build/realsense_camera /home/ros/model_car/catkin_ws/build/realsense_camera/CMakeFiles/realsense_camera_generate_messages_cpp.dir/DependInfo.cmake --color=
make[2]: Entering directory `/home/ros/model_car/catkin_ws/build/realsense_camera'
cd /home/ros/model_car/catkin_ws/build/realsense_camera && /usr/bin/cmake -E cmake_depends "Unix Makefiles" /home/ros/model_car/catkin_ws/src/realsense_camera /home/ros/model_car/catkin_ws/src/realsense_camera /home/ros/model_car/catkin_ws/build/realsense_camera /home/ros/model_car/catkin_ws/build/realsense_camera /home/ros/model_car/catkin_ws/build/realsense_camera/CMakeFiles/realsense_camera_generate_messages_py.dir/DependInfo.cmake --color=
make[2]: Entering directory `/home/ros/model_car/catkin_ws/build/realsense_camera'
cd /home/ros/model_car/catkin_ws/build/realsense_camera && /usr/bin/cmake -E cmake_depends "Unix Makefiles" /home/ros/model_car/catkin_ws/src/realsense_camera /home/ros/model_car/catkin_ws/src/realsense_camera /home/ros/model_car/catkin_ws/build/realsense_camera /home/ros/model_car/catkin_ws/build/realsense_camera /home/ros/model_car/catkin_ws/build/realsense_camera/CMakeFiles/realsense_camera_generate_messages_lisp.dir/DependInfo.cmake --color=
make[2]: Leaving directory `/home/ros/model_car/catkin_ws/build/realsense_camera'
/usr/bin/make -f CMakeFiles/realsense_camera_generate_messages_cpp.dir/build.make CMakeFiles/realsense_camera_generate_messages_cpp.dir/build
make[2]: Entering directory `/home/ros/model_car/catkin_ws/build/realsense_camera'
make[2]: Nothing to be done for `CMakeFiles/realsense_camera_generate_messages_cpp.dir/build'.
make[2]: Leaving directory `/home/ros/model_car/catkin_ws/build/realsense_camera'
/usr/bin/cmake -E cmake_progress_report /home/ros/model_car/catkin_ws/build/realsense_camera/CMakeFiles  4
make[2]: Leaving directory `/home/ros/model_car/catkin_ws/build/realsense_camera'
make[2]: Leaving directory `/home/ros/model_car/catkin_ws/build/realsense_camera'
/usr/bin/make -f CMakeFiles/realsense_camera_generate_messages_py.dir/build.make CMakeFiles/realsense_camera_generate_messages_py.dir/build
/usr/bin/make -f CMakeFiles/realsense_camera_generate_messages_lisp.dir/build.make CMakeFiles/realsense_camera_generate_messages_lisp.dir/build
make[2]: Entering directory `/home/ros/model_car/catkin_ws/build/realsense_camera'
make[2]: Nothing to be done for `CMakeFiles/realsense_camera_generate_messages_py.dir/build'.
make[2]: Leaving directory `/home/ros/model_car/catkin_ws/build/realsense_camera'
[ 33%] /usr/bin/cmake -E cmake_progress_report /home/ros/model_car/catkin_ws/build/realsense_camera/CMakeFiles  6 7
Built target realsense_camera_generate_messages_cpp
/usr/bin/make -f CMakeFiles/realsense_camera_nodelet.dir/build.make CMakeFiles/realsense_camera_nodelet.dir/depend
/usr/bin/make -f CMakeFiles/realsense_camera_test.dir/build.make CMakeFiles/realsense_camera_test.dir/depend
make[2]: Entering directory `/home/ros/model_car/catkin_ws/build/realsense_camera'
make[2]: Nothing to be done for `CMakeFiles/realsense_camera_generate_messages_lisp.dir/build'.
make[2]: Leaving directory `/home/ros/model_car/catkin_ws/build/realsense_camera'
/usr/bin/cmake -E cmake_progress_report /home/ros/model_car/catkin_ws/build/realsense_camera/CMakeFiles  5
make[2]: Entering directory `/home/ros/model_car/catkin_ws/build/realsense_camera'
cd /home/ros/model_car/catkin_ws/build/realsense_camera && /usr/bin/cmake -E cmake_depends "Unix Makefiles" /home/ros/model_car/catkin_ws/src/realsense_camera /home/ros/model_car/catkin_ws/src/realsense_camera /home/ros/model_car/catkin_ws/build/realsense_camera /home/ros/model_car/catkin_ws/build/realsense_camera /home/ros/model_car/catkin_ws/build/realsense_camera/CMakeFiles/realsense_camera_nodelet.dir/DependInfo.cmake --color=
[ 55%] make[2]: Entering directory `/home/ros/model_car/catkin_ws/build/realsense_camera'
cd /home/ros/model_car/catkin_ws/build/realsense_camera && /usr/bin/cmake -E cmake_depends "Unix Makefiles" /home/ros/model_car/catkin_ws/src/realsense_camera /home/ros/model_car/catkin_ws/src/realsense_camera /home/ros/model_car/catkin_ws/build/realsense_camera /home/ros/model_car/catkin_ws/build/realsense_camera /home/ros/model_car/catkin_ws/build/realsense_camera/CMakeFiles/realsense_camera_test.dir/DependInfo.cmake --color=
Built target realsense_camera_generate_messages_py
/usr/bin/make -f CMakeFiles/realsense_camera_test_rgbd.dir/build.make CMakeFiles/realsense_camera_test_rgbd.dir/depend
[ 66%] Built target realsense_camera_generate_messages_lisp
/usr/bin/make -f CMakeFiles/realsense_camera_generate_messages.dir/build.make CMakeFiles/realsense_camera_generate_messages.dir/depend
make[2]: Entering directory `/home/ros/model_car/catkin_ws/build/realsense_camera'
cd /home/ros/model_car/catkin_ws/build/realsense_camera && /usr/bin/cmake -E cmake_depends "Unix Makefiles" /home/ros/model_car/catkin_ws/src/realsense_camera /home/ros/model_car/catkin_ws/src/realsense_camera /home/ros/model_car/catkin_ws/build/realsense_camera /home/ros/model_car/catkin_ws/build/realsense_camera /home/ros/model_car/catkin_ws/build/realsense_camera/CMakeFiles/realsense_camera_test_rgbd.dir/DependInfo.cmake --color=
make[2]: Entering directory `/home/ros/model_car/catkin_ws/build/realsense_camera'
cd /home/ros/model_car/catkin_ws/build/realsense_camera && /usr/bin/cmake -E cmake_depends "Unix Makefiles" /home/ros/model_car/catkin_ws/src/realsense_camera /home/ros/model_car/catkin_ws/src/realsense_camera /home/ros/model_car/catkin_ws/build/realsense_camera /home/ros/model_car/catkin_ws/build/realsense_camera /home/ros/model_car/catkin_ws/build/realsense_camera/CMakeFiles/realsense_camera_generate_messages.dir/DependInfo.cmake --color=
make[2]: Leaving directory `/home/ros/model_car/catkin_ws/build/realsense_camera'
/usr/bin/make -f CMakeFiles/realsense_camera_nodelet.dir/build.make CMakeFiles/realsense_camera_nodelet.dir/build
make[2]: Leaving directory `/home/ros/model_car/catkin_ws/build/realsense_camera'
/usr/bin/make -f CMakeFiles/realsense_camera_test.dir/build.make CMakeFiles/realsense_camera_test.dir/build
make[2]: Leaving directory `/home/ros/model_car/catkin_ws/build/realsense_camera'
/usr/bin/make -f CMakeFiles/realsense_camera_test_rgbd.dir/build.make CMakeFiles/realsense_camera_test_rgbd.dir/build
make[2]: Entering directory `/home/ros/model_car/catkin_ws/build/realsense_camera'
make[2]: *** No rule to make target `/usr/lib/librealsense.so', needed by `/home/ros/model_car/catkin_ws/devel/lib/librealsense_camera_nodelet.so'.  Stop.
make[2]: Leaving directory `/home/ros/model_car/catkin_ws/build/realsense_camera'
make[1]: *** [CMakeFiles/realsense_camera_nodelet.dir/all] Error 2
make[1]: *** Waiting for unfinished jobs....
make[2]: Leaving directory `/home/ros/model_car/catkin_ws/build/realsense_camera'
/usr/bin/make -f CMakeFiles/realsense_camera_generate_messages.dir/build.make CMakeFiles/realsense_camera_generate_messages.dir/build
make[2]: Entering directory `/home/ros/model_car/catkin_ws/build/realsense_camera'
make[2]: Nothing to be done for `CMakeFiles/realsense_camera_generate_messages.dir/build'.
make[2]: Leaving directory `/home/ros/model_car/catkin_ws/build/realsense_camera'
/usr/bin/cmake -E cmake_progress_report /home/ros/model_car/catkin_ws/build/realsense_camera/CMakeFiles 
[ 66%] Built target realsense_camera_generate_messages
make[2]: Entering directory `/home/ros/model_car/catkin_ws/build/realsense_camera'
make[2]: Nothing to be done for `CMakeFiles/realsense_camera_test.dir/build'.
make[2]: Leaving directory `/home/ros/model_car/catkin_ws/build/realsense_camera'
/usr/bin/cmake -E cmake_progress_report /home/ros/model_car/catkin_ws/build/realsense_camera/CMakeFiles  9
make[2]: Entering directory `/home/ros/model_car/catkin_ws/build/realsense_camera'
make[2]: Nothing to be done for `CMakeFiles/realsense_camera_test_rgbd.dir/build'.
make[2]: Leaving directory `/home/ros/model_car/catkin_ws/build/realsense_camera'
/usr/bin/cmake -E cmake_progress_report /home/ros/model_car/catkin_ws/build/realsense_camera/CMakeFiles  10
[ 88%] [ 88%] Built target realsense_camera_test_rgbd
Built target realsense_camera_test
make[1]: Leaving directory `/home/ros/model_car/catkin_ws/build/realsense_camera'
make: *** [all] Error 2
