/usr/bin/cmake -H/home/ros/model_car/catkin_ws/src/realsense_camera -B/home/ros/model_car/catkin_ws/build/realsense_camera --check-build-system CMakeFiles/Makefile.cmake 0
/usr/bin/cmake -E cmake_progress_start /home/ros/model_car/catkin_ws/build/realsense_camera/CMakeFiles /home/ros/model_car/catkin_ws/build/realsense_camera/CMakeFiles/progress.marks
/usr/bin/make -f CMakeFiles/Makefile2 all
make[1]: Entering directory `/home/ros/model_car/catkin_ws/build/realsense_camera'
/usr/bin/make -f CMakeFiles/realsense_camera_gencfg.dir/build.make CMakeFiles/realsense_camera_gencfg.dir/depend
make[2]: Entering directory `/home/ros/model_car/catkin_ws/build/realsense_camera'
cd /home/ros/model_car/catkin_ws/build/realsense_camera && /usr/bin/cmake -E cmake_depends "Unix Makefiles" /home/ros/model_car/catkin_ws/src/realsense_camera /home/ros/model_car/catkin_ws/src/realsense_camera /home/ros/model_car/catkin_ws/build/realsense_camera /home/ros/model_car/catkin_ws/build/realsense_camera /home/ros/model_car/catkin_ws/build/realsense_camera/CMakeFiles/realsense_camera_gencfg.dir/DependInfo.cmake --color=
make[2]: Leaving directory `/home/ros/model_car/catkin_ws/build/realsense_camera'
/usr/bin/make -f CMakeFiles/realsense_camera_gencfg.dir/build.make CMakeFiles/realsense_camera_gencfg.dir/build
make[2]: Entering directory `/home/ros/model_car/catkin_ws/build/realsense_camera'
make[2]: Nothing to be done for `CMakeFiles/realsense_camera_gencfg.dir/build'.
make[2]: Leaving directory `/home/ros/model_car/catkin_ws/build/realsense_camera'
/usr/bin/cmake -E cmake_progress_report /home/ros/model_car/catkin_ws/build/realsense_camera/CMakeFiles  3
[ 11%] Built target realsense_camera_gencfg
/usr/bin/make -f CMakeFiles/_realsense_camera_generate_messages_check_deps_cameraConfiguration.dir/build.make CMakeFiles/_realsense_camera_generate_messages_check_deps_cameraConfiguration.dir/depend
make[2]: Entering directory `/home/ros/model_car/catkin_ws/build/realsense_camera'
cd /home/ros/model_car/catkin_ws/build/realsense_camera && /usr/bin/cmake -E cmake_depends "Unix Makefiles" /home/ros/model_car/catkin_ws/src/realsense_camera /home/ros/model_car/catkin_ws/src/realsense_camera /home/ros/model_car/catkin_ws/build/realsense_camera /home/ros/model_car/catkin_ws/build/realsense_camera /home/ros/model_car/catkin_ws/build/realsense_camera/CMakeFiles/_realsense_camera_generate_messages_check_deps_cameraConfiguration.dir/DependInfo.cmake --color=
make[2]: Leaving directory `/home/ros/model_car/catkin_ws/build/realsense_camera'
/usr/bin/make -f CMakeFiles/_realsense_camera_generate_messages_check_deps_cameraConfiguration.dir/build.make CMakeFiles/_realsense_camera_generate_messages_check_deps_cameraConfiguration.dir/build
make[2]: Entering directory `/home/ros/model_car/catkin_ws/build/realsense_camera'
catkin_generated/env_cached.sh /usr/bin/python /opt/ros/indigo/share/genmsg/cmake/../../../lib/genmsg/genmsg_check_deps.py realsense_camera /home/ros/model_car/catkin_ws/src/realsense_camera/srv/cameraConfiguration.srv 
make[2]: Leaving directory `/home/ros/model_car/catkin_ws/build/realsense_camera'
/usr/bin/cmake -E cmake_progress_report /home/ros/model_car/catkin_ws/build/realsense_camera/CMakeFiles 
[ 11%] /usr/bin/make -f CMakeFiles/std_msgs_generate_messages_lisp.dir/build.make CMakeFiles/std_msgs_generate_messages_lisp.dir/depend
Built target _realsense_camera_generate_messages_check_deps_cameraConfiguration
/usr/bin/make -f CMakeFiles/std_msgs_generate_messages_py.dir/build.make CMakeFiles/std_msgs_generate_messages_py.dir/depend
make[2]: Entering directory `/home/ros/model_car/catkin_ws/build/realsense_camera'
cd /home/ros/model_car/catkin_ws/build/realsense_camera && /usr/bin/cmake -E cmake_depends "Unix Makefiles" /home/ros/model_car/catkin_ws/src/realsense_camera /home/ros/model_car/catkin_ws/src/realsense_camera /home/ros/model_car/catkin_ws/build/realsense_camera /home/ros/model_car/catkin_ws/build/realsense_camera /home/ros/model_car/catkin_ws/build/realsense_camera/CMakeFiles/std_msgs_generate_messages_lisp.dir/DependInfo.cmake --color=
make[2]: Entering directory `/home/ros/model_car/catkin_ws/build/realsense_camera'
cd /home/ros/model_car/catkin_ws/build/realsense_camera && /usr/bin/cmake -E cmake_depends "Unix Makefiles" /home/ros/model_car/catkin_ws/src/realsense_camera /home/ros/model_car/catkin_ws/src/realsense_camera /home/ros/model_car/catkin_ws/build/realsense_camera /home/ros/model_car/catkin_ws/build/realsense_camera /home/ros/model_car/catkin_ws/build/realsense_camera/CMakeFiles/std_msgs_generate_messages_py.dir/DependInfo.cmake --color=
make[2]: Leaving directory `/home/ros/model_car/catkin_ws/build/realsense_camera'
make[2]: Leaving directory `/home/ros/model_car/catkin_ws/build/realsense_camera'
/usr/bin/make -f CMakeFiles/std_msgs_generate_messages_lisp.dir/build.make CMakeFiles/std_msgs_generate_messages_lisp.dir/build
/usr/bin/make -f CMakeFiles/std_msgs_generate_messages_py.dir/build.make CMakeFiles/std_msgs_generate_messages_py.dir/build
make[2]: Entering directory `/home/ros/model_car/catkin_ws/build/realsense_camera'
make[2]: Entering directory `/home/ros/model_car/catkin_ws/build/realsense_camera'
make[2]: Nothing to be done for `CMakeFiles/std_msgs_generate_messages_lisp.dir/build'.
make[2]: Nothing to be done for `CMakeFiles/std_msgs_generate_messages_py.dir/build'.
make[2]: Leaving directory `/home/ros/model_car/catkin_ws/build/realsense_camera'
make[2]: Leaving directory `/home/ros/model_car/catkin_ws/build/realsense_camera'
/usr/bin/cmake -E cmake_progress_report /home/ros/model_car/catkin_ws/build/realsense_camera/CMakeFiles 
/usr/bin/cmake -E cmake_progress_report /home/ros/model_car/catkin_ws/build/realsense_camera/CMakeFiles 
[ 11%] [ 11%] Built target std_msgs_generate_messages_py
/usr/bin/make -f CMakeFiles/std_msgs_generate_messages_cpp.dir/build.make CMakeFiles/std_msgs_generate_messages_cpp.dir/depend
Built target std_msgs_generate_messages_lisp
/usr/bin/make -f gtest/CMakeFiles/gtest.dir/build.make gtest/CMakeFiles/gtest.dir/depend
make[2]: Entering directory `/home/ros/model_car/catkin_ws/build/realsense_camera'
cd /home/ros/model_car/catkin_ws/build/realsense_camera && /usr/bin/cmake -E cmake_depends "Unix Makefiles" /home/ros/model_car/catkin_ws/src/realsense_camera /home/ros/model_car/catkin_ws/src/realsense_camera /home/ros/model_car/catkin_ws/build/realsense_camera /home/ros/model_car/catkin_ws/build/realsense_camera /home/ros/model_car/catkin_ws/build/realsense_camera/CMakeFiles/std_msgs_generate_messages_cpp.dir/DependInfo.cmake --color=
make[2]: Entering directory `/home/ros/model_car/catkin_ws/build/realsense_camera'
cd /home/ros/model_car/catkin_ws/build/realsense_camera && /usr/bin/cmake -E cmake_depends "Unix Makefiles" /home/ros/model_car/catkin_ws/src/realsense_camera /usr/src/gtest /home/ros/model_car/catkin_ws/build/realsense_camera /home/ros/model_car/catkin_ws/build/realsense_camera/gtest /home/ros/model_car/catkin_ws/build/realsense_camera/gtest/CMakeFiles/gtest.dir/DependInfo.cmake --color=
make[2]: Leaving directory `/home/ros/model_car/catkin_ws/build/realsense_camera'
/usr/bin/make -f CMakeFiles/std_msgs_generate_messages_cpp.dir/build.make CMakeFiles/std_msgs_generate_messages_cpp.dir/build
make[2]: Entering directory `/home/ros/model_car/catkin_ws/build/realsense_camera'
make[2]: Nothing to be done for `CMakeFiles/std_msgs_generate_messages_cpp.dir/build'.
make[2]: Leaving directory `/home/ros/model_car/catkin_ws/build/realsense_camera'
/usr/bin/cmake -E cmake_progress_report /home/ros/model_car/catkin_ws/build/realsense_camera/CMakeFiles 
make[2]: Leaving directory `/home/ros/model_car/catkin_ws/build/realsense_camera'
/usr/bin/make -f gtest/CMakeFiles/gtest.dir/build.make gtest/CMakeFiles/gtest.dir/build
make[2]: Entering directory `/home/ros/model_car/catkin_ws/build/realsense_camera'
make[2]: Nothing to be done for `gtest/CMakeFiles/gtest.dir/build'.
make[2]: Leaving directory `/home/ros/model_car/catkin_ws/build/realsense_camera'
[ 11%] /usr/bin/cmake -E cmake_progress_report /home/ros/model_car/catkin_ws/build/realsense_camera/CMakeFiles  1
Built target std_msgs_generate_messages_cpp
/usr/bin/make -f CMakeFiles/realsense_camera_generate_messages_lisp.dir/build.make CMakeFiles/realsense_camera_generate_messages_lisp.dir/depend
make[2]: Entering directory `/home/ros/model_car/catkin_ws/build/realsense_camera'
cd /home/ros/model_car/catkin_ws/build/realsense_camera && /usr/bin/cmake -E cmake_depends "Unix Makefiles" /home/ros/model_car/catkin_ws/src/realsense_camera /home/ros/model_car/catkin_ws/src/realsense_camera /home/ros/model_car/catkin_ws/build/realsense_camera /home/ros/model_car/catkin_ws/build/realsense_camera /home/ros/model_car/catkin_ws/build/realsense_camera/CMakeFiles/realsense_camera_generate_messages_lisp.dir/DependInfo.cmake --color=
[ 22%] Built target gtest
/usr/bin/make -f CMakeFiles/realsense_camera_generate_messages_py.dir/build.make CMakeFiles/realsense_camera_generate_messages_py.dir/depend
make[2]: Entering directory `/home/ros/model_car/catkin_ws/build/realsense_camera'
cd /home/ros/model_car/catkin_ws/build/realsense_camera && /usr/bin/cmake -E cmake_depends "Unix Makefiles" /home/ros/model_car/catkin_ws/src/realsense_camera /home/ros/model_car/catkin_ws/src/realsense_camera /home/ros/model_car/catkin_ws/build/realsense_camera /home/ros/model_car/catkin_ws/build/realsense_camera /home/ros/model_car/catkin_ws/build/realsense_camera/CMakeFiles/realsense_camera_generate_messages_py.dir/DependInfo.cmake --color=
make[2]: Leaving directory `/home/ros/model_car/catkin_ws/build/realsense_camera'
/usr/bin/make -f CMakeFiles/realsense_camera_generate_messages_lisp.dir/build.make CMakeFiles/realsense_camera_generate_messages_lisp.dir/build
make[2]: Entering directory `/home/ros/model_car/catkin_ws/build/realsense_camera'
make[2]: Nothing to be done for `CMakeFiles/realsense_camera_generate_messages_lisp.dir/build'.
make[2]: Leaving directory `/home/ros/model_car/catkin_ws/build/realsense_camera'
/usr/bin/cmake -E cmake_progress_report /home/ros/model_car/catkin_ws/build/realsense_camera/CMakeFiles  5
[ 33%] Built target realsense_camera_generate_messages_lisp
/usr/bin/make -f CMakeFiles/realsense_camera_generate_messages_cpp.dir/build.make CMakeFiles/realsense_camera_generate_messages_cpp.dir/depend
make[2]: Entering directory `/home/ros/model_car/catkin_ws/build/realsense_camera'
cd /home/ros/model_car/catkin_ws/build/realsense_camera && /usr/bin/cmake -E cmake_depends "Unix Makefiles" /home/ros/model_car/catkin_ws/src/realsense_camera /home/ros/model_car/catkin_ws/src/realsense_camera /home/ros/model_car/catkin_ws/build/realsense_camera /home/ros/model_car/catkin_ws/build/realsense_camera /home/ros/model_car/catkin_ws/build/realsense_camera/CMakeFiles/realsense_camera_generate_messages_cpp.dir/DependInfo.cmake --color=
make[2]: Leaving directory `/home/ros/model_car/catkin_ws/build/realsense_camera'
/usr/bin/make -f CMakeFiles/realsense_camera_generate_messages_py.dir/build.make CMakeFiles/realsense_camera_generate_messages_py.dir/build
make[2]: Entering directory `/home/ros/model_car/catkin_ws/build/realsense_camera'
make[2]: Nothing to be done for `CMakeFiles/realsense_camera_generate_messages_py.dir/build'.
make[2]: Leaving directory `/home/ros/model_car/catkin_ws/build/realsense_camera'
/usr/bin/cmake -E cmake_progress_report /home/ros/model_car/catkin_ws/build/realsense_camera/CMakeFiles  6 7
make[2]: Leaving directory `/home/ros/model_car/catkin_ws/build/realsense_camera'
/usr/bin/make -f CMakeFiles/realsense_camera_generate_messages_cpp.dir/build.make CMakeFiles/realsense_camera_generate_messages_cpp.dir/build
[ 55%] make[2]: Entering directory `/home/ros/model_car/catkin_ws/build/realsense_camera'
make[2]: Nothing to be done for `CMakeFiles/realsense_camera_generate_messages_cpp.dir/build'.
make[2]: Leaving directory `/home/ros/model_car/catkin_ws/build/realsense_camera'
/usr/bin/cmake -E cmake_progress_report /home/ros/model_car/catkin_ws/build/realsense_camera/CMakeFiles  4
Built target realsense_camera_generate_messages_py
[ 66%] Built target realsense_camera_generate_messages_cpp
/usr/bin/make -f CMakeFiles/realsense_camera_generate_messages.dir/build.make CMakeFiles/realsense_camera_generate_messages.dir/depend
/usr/bin/make -f CMakeFiles/realsense_camera_nodelet.dir/build.make CMakeFiles/realsense_camera_nodelet.dir/depend
make[2]: Entering directory `/home/ros/model_car/catkin_ws/build/realsense_camera'
cd /home/ros/model_car/catkin_ws/build/realsense_camera && /usr/bin/cmake -E cmake_depends "Unix Makefiles" /home/ros/model_car/catkin_ws/src/realsense_camera /home/ros/model_car/catkin_ws/src/realsense_camera /home/ros/model_car/catkin_ws/build/realsense_camera /home/ros/model_car/catkin_ws/build/realsense_camera /home/ros/model_car/catkin_ws/build/realsense_camera/CMakeFiles/realsense_camera_generate_messages.dir/DependInfo.cmake --color=
make[2]: Entering directory `/home/ros/model_car/catkin_ws/build/realsense_camera'
cd /home/ros/model_car/catkin_ws/build/realsense_camera && /usr/bin/cmake -E cmake_depends "Unix Makefiles" /home/ros/model_car/catkin_ws/src/realsense_camera /home/ros/model_car/catkin_ws/src/realsense_camera /home/ros/model_car/catkin_ws/build/realsense_camera /home/ros/model_car/catkin_ws/build/realsense_camera /home/ros/model_car/catkin_ws/build/realsense_camera/CMakeFiles/realsense_camera_nodelet.dir/DependInfo.cmake --color=
make[2]: Leaving directory `/home/ros/model_car/catkin_ws/build/realsense_camera'
/usr/bin/make -f CMakeFiles/realsense_camera_generate_messages.dir/build.make CMakeFiles/realsense_camera_generate_messages.dir/build
make[2]: Entering directory `/home/ros/model_car/catkin_ws/build/realsense_camera'
make[2]: Nothing to be done for `CMakeFiles/realsense_camera_generate_messages.dir/build'.
make[2]: Leaving directory `/home/ros/model_car/catkin_ws/build/realsense_camera'
make[2]: Leaving directory `/home/ros/model_car/catkin_ws/build/realsense_camera'
/usr/bin/make -f CMakeFiles/realsense_camera_nodelet.dir/build.make CMakeFiles/realsense_camera_nodelet.dir/build
/usr/bin/cmake -E cmake_progress_report /home/ros/model_car/catkin_ws/build/realsense_camera/CMakeFiles 
make[2]: Entering directory `/home/ros/model_car/catkin_ws/build/realsense_camera'
/usr/bin/cmake -E cmake_progress_report /home/ros/model_car/catkin_ws/build/realsense_camera/CMakeFiles 8
[ 66%] Built target realsense_camera_generate_messages
[ 77%] /usr/bin/make -f CMakeFiles/realsense_camera_test.dir/build.make CMakeFiles/realsense_camera_test.dir/depend
make[2]: Entering directory `/home/ros/model_car/catkin_ws/build/realsense_camera'
[32mBuilding CXX object CMakeFiles/realsense_camera_nodelet.dir/src/realsense_camera_nodelet.cpp.o
[0mcd /home/ros/model_car/catkin_ws/build/realsense_camera && /usr/bin/cmake -E cmake_depends "Unix Makefiles" /home/ros/model_car/catkin_ws/src/realsense_camera /home/ros/model_car/catkin_ws/src/realsense_camera /home/ros/model_car/catkin_ws/build/realsense_camera /home/ros/model_car/catkin_ws/build/realsense_camera /home/ros/model_car/catkin_ws/build/realsense_camera/CMakeFiles/realsense_camera_test.dir/DependInfo.cmake --color=
/usr/bin/c++   -DROSCONSOLE_BACKEND_LOG4CXX -DROS_PACKAGE_NAME=\"realsense_camera\" -Drealsense_camera_nodelet_EXPORTS -fPIE -fPIC -std=c++11 -O2 -D_FORTIFY_SOURCE=2 -fstack-protector -Wformat -Wformat-security -Wall  -fPIC -I/home/ros/model_car/catkin_ws/devel/include -I/home/ros/model_car/catkin_ws/src/cv_bridge/include -I/opt/ros/indigo/include -I/usr/include/opencv -I/usr/include/eigen3 -I/usr/include/pcl-1.7 -I/usr/include/ni -I/usr/include/vtk-5.8    -o CMakeFiles/realsense_camera_nodelet.dir/src/realsense_camera_nodelet.cpp.o -c /home/ros/model_car/catkin_ws/src/realsense_camera/src/realsense_camera_nodelet.cpp
make[2]: Leaving directory `/home/ros/model_car/catkin_ws/build/realsense_camera'
/usr/bin/make -f CMakeFiles/realsense_camera_test.dir/build.make CMakeFiles/realsense_camera_test.dir/build
make[2]: Entering directory `/home/ros/model_car/catkin_ws/build/realsense_camera'
make[2]: Nothing to be done for `CMakeFiles/realsense_camera_test.dir/build'.
make[2]: Leaving directory `/home/ros/model_car/catkin_ws/build/realsense_camera'
/usr/bin/cmake -E cmake_progress_report /home/ros/model_car/catkin_ws/build/realsense_camera/CMakeFiles  9
[ 88%] Built target realsense_camera_test
/usr/bin/make -f CMakeFiles/realsense_camera_test_rgbd.dir/build.make CMakeFiles/realsense_camera_test_rgbd.dir/depend
make[2]: Entering directory `/home/ros/model_car/catkin_ws/build/realsense_camera'
cd /home/ros/model_car/catkin_ws/build/realsense_camera && /usr/bin/cmake -E cmake_depends "Unix Makefiles" /home/ros/model_car/catkin_ws/src/realsense_camera /home/ros/model_car/catkin_ws/src/realsense_camera /home/ros/model_car/catkin_ws/build/realsense_camera /home/ros/model_car/catkin_ws/build/realsense_camera /home/ros/model_car/catkin_ws/build/realsense_camera/CMakeFiles/realsense_camera_test_rgbd.dir/DependInfo.cmake --color=
[35m[1mScanning dependencies of target realsense_camera_test_rgbd
[0mmake[2]: Leaving directory `/home/ros/model_car/catkin_ws/build/realsense_camera'
/usr/bin/make -f CMakeFiles/realsense_camera_test_rgbd.dir/build.make CMakeFiles/realsense_camera_test_rgbd.dir/build
make[2]: Entering directory `/home/ros/model_car/catkin_ws/build/realsense_camera'
/usr/bin/cmake -E cmake_progress_report /home/ros/model_car/catkin_ws/build/realsense_camera/CMakeFiles 10
[100%] [32mBuilding CXX object CMakeFiles/realsense_camera_test_rgbd.dir/test/realsense_camera_test_rgbd_node.cpp.o
[0m/usr/bin/c++   -DROSCONSOLE_BACKEND_LOG4CXX -DROS_PACKAGE_NAME=\"realsense_camera\" -fPIE -fPIC -std=c++11 -O2 -D_FORTIFY_SOURCE=2 -fstack-protector -Wformat -Wformat-security -Wall  -I/home/ros/model_car/catkin_ws/devel/include -I/home/ros/model_car/catkin_ws/src/cv_bridge/include -I/opt/ros/indigo/include -I/usr/include/opencv -I/usr/include/eigen3 -I/usr/include/pcl-1.7 -I/usr/include/ni -I/usr/include/vtk-5.8    -o CMakeFiles/realsense_camera_test_rgbd.dir/test/realsense_camera_test_rgbd_node.cpp.o -c /home/ros/model_car/catkin_ws/src/realsense_camera/test/realsense_camera_test_rgbd_node.cpp
In file included from /home/ros/model_car/catkin_ws/src/realsense_camera/src/realsense_camera_nodelet.cpp:31:0:
/home/ros/model_car/catkin_ws/src/realsense_camera/src/realsense_camera_nodelet.h:61:31: fatal error: librealsense/rs.hpp: No such file or directory
 #include <librealsense/rs.hpp>
                               ^
compilation terminated.
make[2]: *** [CMakeFiles/realsense_camera_nodelet.dir/src/realsense_camera_nodelet.cpp.o] Error 1
make[1]: *** [CMakeFiles/realsense_camera_nodelet.dir/all] Error 2
make[1]: *** Waiting for unfinished jobs....
make[2]: Leaving directory `/home/ros/model_car/catkin_ws/build/realsense_camera'
[31m[1mLinking CXX executable /home/ros/model_car/catkin_ws/devel/lib/realsense_camera/realsense_camera_test_rgbd
[0m/usr/bin/cmake -E cmake_link_script CMakeFiles/realsense_camera_test_rgbd.dir/link.txt --verbose=1
/usr/bin/c++   -fPIE -fPIC -std=c++11 -O2 -D_FORTIFY_SOURCE=2 -fstack-protector -Wformat -Wformat-security -Wall   -pie -z noexecstack -z relro -z now CMakeFiles/realsense_camera_test_rgbd.dir/test/realsense_camera_test_rgbd_node.cpp.o  -o /home/ros/model_car/catkin_ws/devel/lib/realsense_camera/realsense_camera_test_rgbd  -L/opt/odroid-x2/sdk/usr/lib/arm-linux-gnueabihf/mesa-egl  -L/opt/odroid-x2/sdk/usr/lib/arm-linux-gnueabihf/mesa -rdynamic /home/ros/model_car/catkin_ws/devel/lib/libcv_bridge.so /usr/lib/x86_64-linux-gnu/libopencv_videostab.so.2.4.8 /usr/lib/x86_64-linux-gnu/libopencv_video.so.2.4.8 /usr/lib/x86_64-linux-gnu/libopencv_superres.so.2.4.8 /usr/lib/x86_64-linux-gnu/libopencv_stitching.so.2.4.8 /usr/lib/x86_64-linux-gnu/libopencv_photo.so.2.4.8 /usr/lib/x86_64-linux-gnu/libopencv_ocl.so.2.4.8 /usr/lib/x86_64-linux-gnu/libopencv_objdetect.so.2.4.8 /usr/lib/x86_64-linux-gnu/libopencv_ml.so.2.4.8 /usr/lib/x86_64-linux-gnu/libopencv_legacy.so.2.4.8 /usr/lib/x86_64-linux-gnu/libopencv_imgproc.so.2.4.8 /usr/lib/x86_64-linux-gnu/libopencv_highgui.so.2.4.8 /usr/lib/x86_64-linux-gnu/libopencv_gpu.so.2.4.8 /usr/lib/x86_64-linux-gnu/libopencv_flann.so.2.4.8 /usr/lib/x86_64-linux-gnu/libopencv_features2d.so.2.4.8 /usr/lib/x86_64-linux-gnu/libopencv_core.so.2.4.8 /usr/lib/x86_64-linux-gnu/libopencv_contrib.so.2.4.8 /usr/lib/x86_64-linux-gnu/libopencv_calib3d.so.2.4.8 /opt/ros/indigo/lib/libimage_transport.so /opt/ros/indigo/lib/libcamera_info_manager.so /opt/ros/indigo/lib/libpcl_ros_filters.so /opt/ros/indigo/lib/libpcl_ros_io.so /opt/ros/indigo/lib/libpcl_ros_tf.so -lpcl_common -lpcl_octree -lpcl_io -lpcl_kdtree -lpcl_search -lpcl_sample_consensus -lpcl_filters -lpcl_features -lpcl_keypoints -lpcl_segmentation -lpcl_visualization -lpcl_outofcore -lpcl_registration -lpcl_recognition -lpcl_surface -lpcl_people -lpcl_tracking -lpcl_apps -lboost_iostreams -lboost_serialization -lqhull -lOpenNI -Wl,-Bstatic -lflann_cpp_s -Wl,-Bdynamic /usr/lib/libvtkCommon.so.5.8.0 /usr/lib/libvtkRendering.so.5.8.0 /usr/lib/libvtkHybrid.so.5.8.0 /usr/lib/libvtkCharts.so.5.8.0 /opt/ros/indigo/lib/libdynamic_reconfigure_config_init_mutex.so /opt/ros/indigo/lib/libnodeletlib.so /opt/ros/indigo/lib/libbondcpp.so -luuid -ltinyxml /opt/ros/indigo/lib/libclass_loader.so -lPocoFoundation -ldl /opt/ros/indigo/lib/libroslib.so /opt/ros/indigo/lib/librosbag.so /opt/ros/indigo/lib/librosbag_storage.so -lboost_program_options /opt/ros/indigo/lib/libroslz4.so -llz4 /opt/ros/indigo/lib/libtopic_tools.so /opt/ros/indigo/lib/libtf.so /opt/ros/indigo/lib/libtf2_ros.so /opt/ros/indigo/lib/libactionlib.so /opt/ros/indigo/lib/libmessage_filters.so /opt/ros/indigo/lib/libroscpp.so -lboost_signals -lboost_filesystem /opt/ros/indigo/lib/libxmlrpcpp.so /opt/ros/indigo/lib/libtf2.so /opt/ros/indigo/lib/libroscpp_serialization.so /opt/ros/indigo/lib/librosconsole.so /opt/ros/indigo/lib/librosconsole_log4cxx.so /opt/ros/indigo/lib/librosconsole_backend_interface.so -llog4cxx -lboost_regex /opt/ros/indigo/lib/librostime.so -lboost_date_time /opt/ros/indigo/lib/libcpp_common.so -lboost_system -lboost_thread -lpthread -lconsole_bridge gtest/libgtest.so -lpthread -Wl,-rpath,/opt/odroid-x2/sdk/usr/lib/arm-linux-gnueabihf/mesa-egl:/opt/odroid-x2/sdk/usr/lib/arm-linux-gnueabihf/mesa:/home/ros/model_car/catkin_ws/devel/lib:/opt/ros/indigo/lib:/home/ros/model_car/catkin_ws/build/realsense_camera/gtest 
make[2]: Leaving directory `/home/ros/model_car/catkin_ws/build/realsense_camera'
/usr/bin/cmake -E cmake_progress_report /home/ros/model_car/catkin_ws/build/realsense_camera/CMakeFiles  10
[100%] Built target realsense_camera_test_rgbd
make[1]: Leaving directory `/home/ros/model_car/catkin_ws/build/realsense_camera'
make: *** [all] Error 2
