[31m[1mCMake Error[0m at /usr/share/cmake-2.8/Modules/CMakeTestCCompiler.cmake:61 (message):
  The C compiler "/opt/odroid-x2/compiler/bin/arm-linux-gnueabihf-gcc" is not
  able to compile a simple test program.

  It fails with the following output:

   Change Dir: /home/ros/model_car/catkin_ws/odroid-build/auto_stop/CMakeFiles/CMakeTmp



  Run Build Command:/usr/bin/make "cmTryCompileExec4131858298/fast"

  /usr/bin/make -f CMakeFiles/cmTryCompileExec4131858298.dir/build.make
  CMakeFiles/cmTryCompileExec4131858298.dir/build

  make[1]: Entering directory
  `/home/ros/model_car/catkin_ws/odroid-build/auto_stop/CMakeFiles/CMakeTmp'

  /usr/bin/cmake -E cmake_progress_report
  /home/ros/model_car/catkin_ws/odroid-build/auto_stop/CMakeFiles/CMakeTmp/CMakeFiles
  1

  Building C object
  CMakeFiles/cmTryCompileExec4131858298.dir/testCCompiler.c.o

  /opt/odroid-x2/compiler/bin/arm-linux-gnueabihf-gcc -std=c++11
  --sysroot=/opt/odroid-x2/sdk -o
  CMakeFiles/cmTryCompileExec4131858298.dir/testCCompiler.c.o -c
  /home/ros/model_car/catkin_ws/odroid-build/auto_stop/CMakeFiles/CMakeTmp/testCCompiler.c


  make[1]: /opt/odroid-x2/compiler/bin/arm-linux-gnueabihf-gcc: Command not
  found

  make[1]: *** [CMakeFiles/cmTryCompileExec4131858298.dir/testCCompiler.c.o]
  Error 127

  make[1]: Leaving directory
  `/home/ros/model_car/catkin_ws/odroid-build/auto_stop/CMakeFiles/CMakeTmp'

  make: *** [cmTryCompileExec4131858298/fast] Error 2





  CMake will not be able to correctly generate this project.
[36mCall Stack (most recent call first):[0m
  CMakeLists.txt:3 (project)


