[35m[1mScanning dependencies of target _cmvision_generate_messages_check_deps_Blobs
[35m[1mScanning dependencies of target _cmvision_generate_messages_check_deps_Blob
[0m[0m[35m[1mScanning dependencies of target std_msgs_generate_messages_py
[35m[1mScanning dependencies of target std_msgs_generate_messages_cpp
[0m[0m[  0%] [35m[1mScanning dependencies of target std_msgs_generate_messages_lisp
[0mBuilt target std_msgs_generate_messages_py
[  0%] [  0%] Built target std_msgs_generate_messages_cpp
Built target std_msgs_generate_messages_lisp
[  0%] Built target _cmvision_generate_messages_check_deps_Blobs
[  0%] Built target _cmvision_generate_messages_check_deps_Blob
[35m[1mScanning dependencies of target cmvision_generate_messages_lisp
[0m[35m[1mScanning dependencies of target cmvision_generate_messages_py
[35m[1mScanning dependencies of target cmvision_generate_messages_cpp
[0m[0m[ 18%] [ 18%] [ 27%] [34m[1mGenerating Lisp code from cmvision/Blobs.msg
[0m[34m[1mGenerating Lisp code from cmvision/Blob.msg
[0m[ 36%] [34m[1mGenerating Python from MSG cmvision/Blob
[0m[ 45%] [34m[1mGenerating Python from MSG cmvision/Blobs
[0m[34m[1mGenerating C++ code from cmvision/Blob.msg
[0m[ 54%] [34m[1mGenerating C++ code from cmvision/Blobs.msg
[0m[ 54%] Built target cmvision_generate_messages_lisp
[ 63%] [34m[1mGenerating Python msg __init__.py for cmvision
[0m[ 63%] Built target cmvision_generate_messages_py
[ 63%] Built target cmvision_generate_messages_cpp
[35m[1mScanning dependencies of target cmvision_generate_messages
[35m[1mScanning dependencies of target cmvision_gencpp
[0m[0m[ 63%] Built target cmvision_gencpp
[ 63%] Built target cmvision_generate_messages
[35m[1mScanning dependencies of target cmvision
[0m[ 81%] [ 81%] [32mBuilding CXX object CMakeFiles/cmvision.dir/src/cmvision.cc.o
[0m[ 90%] [32mBuilding C object CMakeFiles/cmvision.dir/src/conversions.c.o
[0m[100%] [32mBuilding CXX object CMakeFiles/cmvision.dir/src/cmvision_color_blob_finder.cpp.o
[0m[32mBuilding CXX object CMakeFiles/cmvision.dir/src/main.cpp.o
In file included from /opt/odroid-x2/compiler/bin/../arm-linux-gnueabihf/libc/usr/include/arm-linux-gnueabihf/sys/select.h:44:0,
                 from /opt/odroid-x2/compiler/bin/../arm-linux-gnueabihf/libc/usr/include/arm-linux-gnueabihf/sys/types.h:223,
                 from /opt/odroid-x2/sdk/usr/include/stdlib.h:314,
                 from /home/mi/boroujeni/model_car/catkin_ws/src/cmvision/src/conversions.h:27,
                 from /home/mi/boroujeni/model_car/catkin_ws/src/cmvision/src/conversions.c:21:
/opt/odroid-x2/sdk/usr/include/time.h:123:5: error: unknown type name â€˜__syscall_slong_tâ€™
In file included from /home/mi/boroujeni/model_car/catkin_ws/src/cmvision/src/conversions.h:27:0,
                 from /home/mi/boroujeni/model_car/catkin_ws/src/cmvision/src/conversions.c:21:
/opt/odroid-x2/sdk/usr/include/stdlib.h:955:31: fatal error: bits/stdlib-float.h: No such file or directory
compilation terminated.
make[2]: *** [CMakeFiles/cmvision.dir/src/conversions.c.o] Error 1
make[2]: *** Waiting for unfinished jobs....
In file included from /home/mi/boroujeni/model_car/catkin_ws/src/cmvision/src/cmvision.h:33:0,
                 from /home/mi/boroujeni/model_car/catkin_ws/src/cmvision/src/cmvision.cc:34:
/opt/odroid-x2/sdk/usr/include/stdlib.h:955:31: fatal error: bits/stdlib-float.h: No such file or directory
compilation terminated.
make[2]: *** [CMakeFiles/cmvision.dir/src/cmvision.cc.o] Error 1
In file included from /opt/odroid-x2/sdk/usr/include/opencv2/core/types_c.h:56:0,
                 from /opt/odroid-x2/sdk/usr/include/opencv2/core/core_c.h:47,
                 from /opt/odroid-x2/sdk/usr/include/opencv/highgui.h:45,
                 from /home/mi/boroujeni/model_car/catkin_ws/src/cmvision/src/cmvision_color_blob_finder.cpp:28:
/opt/odroid-x2/sdk/usr/include/stdlib.h:955:31: fatal error: bits/stdlib-float.h: No such file or directory
compilation terminated.
make[2]: *** [CMakeFiles/cmvision.dir/src/cmvision_color_blob_finder.cpp.o] Error 1
In file included from /opt/odroid-x2/sdk/opt/ros/indigo/include/ros/platform.h:53:0,
                 from /opt/odroid-x2/sdk/opt/ros/indigo/include/ros/time.h:53,
                 from /opt/odroid-x2/sdk/opt/ros/indigo/include/ros/ros.h:38,
                 from /home/mi/boroujeni/model_car/catkin_ws/src/cmvision/src/main.cpp:23:
/opt/odroid-x2/sdk/usr/include/stdlib.h:955:31: fatal error: bits/stdlib-float.h: No such file or directory
compilation terminated.
make[2]: *** [CMakeFiles/cmvision.dir/src/main.cpp.o] Error 1
make[1]: *** [CMakeFiles/cmvision.dir/all] Error 2
make: *** [all] Error 2
